生成启动时间为 2012/12/4 11:22:55。
     1>项目“D:\Lenovo\lwrma\nsis\ISHelper\ISHelper\ISHelper\ISHelper.vcxproj”在节点 2 上(build 个目标)。
     1>PrepareForBuild:
         正在创建目录“D:\Lenovo\lwrma\nsis\ISHelper\ISHelper\Debug\”。
       InitializeBuildStatus:
         正在创建“Debug\ISHelper.unsuccessfulbuild”，因为已指定“AlwaysCreate”。
       ClCompile:
         C:\Program Files (x86)\Microsoft Visual Studio 10.0\VC\bin\CL.exe /c /ZI /nologo /W3 /WX- /Od /Oy- /D WIN32 /D _DEBUG /D _WINDOWS /D _USRDLL /D ISHELPER_EXPORTS /D _WINDLL /D _UNICODE /D UNICODE /Gm /EHsc /RTC1 /MTd /GS /fp:precise /Zc:wchar_t /Zc:forScope /Fo"Debug\\" /Fd"Debug\vc100.pdb" /Gd /TP /analyze- /errorReport:prompt ISHelper.cpp
         ISHelper.cpp
       ManifestResourceCompile:
         C:\Program Files (x86)\Microsoft SDKs\Windows\v7.0A\bin\rc.exe /nologo /fo"Debug\ISHelper.dll.embed.manifest.res" Debug\ISHelper_manifest.rc 
       Link:
         C:\Program Files (x86)\Microsoft Visual Studio 10.0\VC\bin\link.exe /ERRORREPORT:PROMPT /OUT:"D:\Lenovo\lwrma\nsis\ISHelper\ISHelper\Debug\ISHelper.dll" /INCREMENTAL /NOLOGO kernel32.lib user32.lib gdi32.lib winspool.lib comdlg32.lib advapi32.lib shell32.lib ole32.lib oleaut32.lib uuid.lib odbc32.lib odbccp32.lib /DEF:"ISHelper.def" /MANIFEST /ManifestFile:"Debug\ISHelper.dll.intermediate.manifest" /MANIFESTUAC:"level='asInvoker' uiAccess='false'" /DEBUG /PDB:"D:\Lenovo\lwrma\nsis\ISHelper\ISHelper\Debug\ISHelper.pdb" /SUBSYSTEM:WINDOWS /TLBID:1 /DYNAMICBASE /NXCOMPAT /IMPLIB:"D:\Lenovo\lwrma\nsis\ISHelper\ISHelper\Debug\ISHelper.lib" /MACHINE:X86 /DLL Debug\ISHelper.dll.embed.manifest.res
         Debug\ISHelper.obj
            正在创建库 D:\Lenovo\lwrma\nsis\ISHelper\ISHelper\Debug\ISHelper.lib 和对象 D:\Lenovo\lwrma\nsis\ISHelper\ISHelper\Debug\ISHelper.exp
       Manifest:
         C:\Program Files (x86)\Microsoft SDKs\Windows\v7.0A\bin\mt.exe /nologo /verbose /out:"Debug\ISHelper.dll.embed.manifest" /manifest Debug\ISHelper.dll.intermediate.manifest
         C:\Program Files (x86)\Microsoft SDKs\Windows\v7.0A\bin\rc.exe /nologo /fo"Debug\ISHelper.dll.embed.manifest.res" Debug\ISHelper_manifest.rc 
       LinkEmbedManifest:
         C:\Program Files (x86)\Microsoft Visual Studio 10.0\VC\bin\link.exe /ERRORREPORT:PROMPT /OUT:"D:\Lenovo\lwrma\nsis\ISHelper\ISHelper\Debug\ISHelper.dll" /INCREMENTAL /NOLOGO kernel32.lib user32.lib gdi32.lib winspool.lib comdlg32.lib advapi32.lib shell32.lib ole32.lib oleaut32.lib uuid.lib odbc32.lib odbccp32.lib /DEF:"ISHelper.def" /MANIFEST /ManifestFile:"Debug\ISHelper.dll.intermediate.manifest" /MANIFESTUAC:"level='asInvoker' uiAccess='false'" /DEBUG /PDB:"D:\Lenovo\lwrma\nsis\ISHelper\ISHelper\Debug\ISHelper.pdb" /SUBSYSTEM:WINDOWS /TLBID:1 /DYNAMICBASE /NXCOMPAT /IMPLIB:"D:\Lenovo\lwrma\nsis\ISHelper\ISHelper\Debug\ISHelper.lib" /MACHINE:X86 /DLL Debug\ISHelper.dll.embed.manifest.res
         Debug\ISHelper.obj
            正在创建库 D:\Lenovo\lwrma\nsis\ISHelper\ISHelper\Debug\ISHelper.lib 和对象 D:\Lenovo\lwrma\nsis\ISHelper\ISHelper\Debug\ISHelper.exp
         ISHelper.vcxproj -> D:\Lenovo\lwrma\nsis\ISHelper\ISHelper\Debug\ISHelper.dll
       FinalizeBuildStatus:
         正在删除文件“Debug\ISHelper.unsuccessfulbuild”。
         正在对“Debug\ISHelper.lastbuildstate”执行 Touch 任务。
     1>已完成生成项目“D:\Lenovo\lwrma\nsis\ISHelper\ISHelper\ISHelper\ISHelper.vcxproj”(build 个目标)的操作。

生成成功。

已用时间 00:00:05.00
