生成启动时间为 2012/12/4 11:23:13。
     1>项目“D:\Lenovo\lwrma\nsis\ISHelper\ISHelper\ISHelper\ISHelper.vcxproj”在节点 2 上(rebuild 个目标)。
     1>PrepareForBuild:
         正在创建目录“D:\Lenovo\lwrma\nsis\ISHelper\ISHelper\Release\”。
       InitializeBuildStatus:
         正在创建“Release\ISHelper.unsuccessfulbuild”，因为已指定“AlwaysCreate”。
       ClCompile:
         C:\Program Files (x86)\Microsoft Visual Studio 10.0\VC\bin\CL.exe /c /Zi /nologo /W3 /WX- /O1 /Oi /Oy- /GL /D WIN32 /D NDEBUG /D _WINDOWS /D _USRDLL /D ISHELPER_EXPORTS /D _WINDLL /D _UNICODE /D UNICODE /Gm- /EHsc /MT /GS /Gy /fp:precise /Zc:wchar_t /Zc:forScope /Fo"Release\\" /Fd"Release\vc100.pdb" /Gd /TP /analyze- /errorReport:prompt ISHelper.cpp
         ISHelper.cpp
       Link:
         C:\Program Files (x86)\Microsoft Visual Studio 10.0\VC\bin\link.exe /ERRORREPORT:PROMPT /OUT:"D:\Lenovo\lwrma\nsis\ISHelper\ISHelper\Release\ISHelper.dll" /INCREMENTAL:NO /NOLOGO kernel32.lib user32.lib gdi32.lib winspool.lib comdlg32.lib advapi32.lib shell32.lib ole32.lib oleaut32.lib uuid.lib odbc32.lib odbccp32.lib /DEF:"ISHelper.def" /MANIFEST /ManifestFile:"Release\ISHelper.dll.intermediate.manifest" /MANIFESTUAC:"level='asInvoker' uiAccess='false'" /DEBUG /PDB:"D:\Lenovo\lwrma\nsis\ISHelper\ISHelper\Release\ISHelper.pdb" /SUBSYSTEM:WINDOWS /OPT:REF /OPT:ICF /LTCG /TLBID:1 /DYNAMICBASE /NXCOMPAT /IMPLIB:"D:\Lenovo\lwrma\nsis\ISHelper\ISHelper\Release\ISHelper.lib" /MACHINE:X86 /DLL Release\ISHelper.obj
            正在创建库 D:\Lenovo\lwrma\nsis\ISHelper\ISHelper\Release\ISHelper.lib 和对象 D:\Lenovo\lwrma\nsis\ISHelper\ISHelper\Release\ISHelper.exp
         正在生成代码
         已完成代码的生成
         ISHelper.vcxproj -> D:\Lenovo\lwrma\nsis\ISHelper\ISHelper\Release\ISHelper.dll
       Manifest:
         C:\Program Files (x86)\Microsoft SDKs\Windows\v7.0A\bin\mt.exe /nologo /verbose /outputresource:"D:\Lenovo\lwrma\nsis\ISHelper\ISHelper\Release\ISHelper.dll;#2" /manifest Release\ISHelper.dll.intermediate.manifest
       FinalizeBuildStatus:
         正在删除文件“Release\ISHelper.unsuccessfulbuild”。
         正在对“Release\ISHelper.lastbuildstate”执行 Touch 任务。
     1>已完成生成项目“D:\Lenovo\lwrma\nsis\ISHelper\ISHelper\ISHelper\ISHelper.vcxproj”(rebuild 个目标)的操作。

生成成功。

已用时间 00:00:01.73
